<?xml version="1.0" encoding="UTF-8"?>
<!-- Generated by org.testng.reporters.JUnitXMLReporter -->
<testsuite ignored="0" hostname="BOOK-J46MRKCIDC" failures="0" tests="3" name="Surefire test" time="3.928" errors="0" timestamp="2025-05-12T18:50:11 EDT">
  <testcase classname="tests.CreatePostTest" name="createPost" time="2.089"/>
  <testcase classname="tests.GetUsersTest" name="getAllUsers" time="1.386"/>
  <testcase classname="tests.GetUsersTest" name="getSingleUser" time="0.135"/>
</testsuite> <!-- Surefire test -->
