<?xml version="1.0" encoding="UTF-8"?>
<testng-results ignored="0" total="3" passed="3" failed="0" skipped="0">
  <reporter-output>
  </reporter-output>
  <suite started-at="2025-05-12T18:50:07 EDT" name="Surefire suite" finished-at="2025-05-12T18:50:11 EDT" duration-ms="3928">
    <groups>
    </groups>
    <test started-at="2025-05-12T18:50:07 EDT" name="Surefire test" finished-at="2025-05-12T18:50:11 EDT" duration-ms="3928">
      <class name="tests.GetUsersTest">
        <test-method is-config="true" signature="setup()[pri:0, instance:tests.GetUsersTest@4e096385]" started-at="2025-05-12T18:50:09 EDT" name="setup" finished-at="2025-05-12T18:50:09 EDT" duration-ms="1" status="PASS">
          <reporter-output>
          </reporter-output>
        </test-method> <!-- setup -->
        <test-method signature="getAllUsers()[pri:0, instance:tests.GetUsersTest@4e096385]" started-at="2025-05-12T18:50:09 EDT" name="getAllUsers" finished-at="2025-05-12T18:50:10 EDT" duration-ms="1386" status="PASS">
          <reporter-output>
          </reporter-output>
        </test-method> <!-- getAllUsers -->
        <test-method signature="getSingleUser()[pri:0, instance:tests.GetUsersTest@4e096385]" started-at="2025-05-12T18:50:10 EDT" name="getSingleUser" finished-at="2025-05-12T18:50:11 EDT" duration-ms="135" status="PASS">
          <reporter-output>
          </reporter-output>
        </test-method> <!-- getSingleUser -->
      </class> <!-- tests.GetUsersTest -->
      <class name="tests.CreatePostTest">
        <test-method is-config="true" signature="setup()[pri:0, instance:tests.CreatePostTest@27ff5d15]" started-at="2025-05-12T18:50:07 EDT" name="setup" finished-at="2025-05-12T18:50:07 EDT" duration-ms="293" status="PASS">
          <reporter-output>
          </reporter-output>
        </test-method> <!-- setup -->
        <test-method signature="createPost()[pri:0, instance:tests.CreatePostTest@27ff5d15]" started-at="2025-05-12T18:50:07 EDT" name="createPost" finished-at="2025-05-12T18:50:09 EDT" duration-ms="2089" status="PASS">
          <reporter-output>
          </reporter-output>
        </test-method> <!-- createPost -->
      </class> <!-- tests.CreatePostTest -->
    </test> <!-- Surefire test -->
  </suite> <!-- Surefire suite -->
</testng-results>
